<?xml version="1.0" encoding="UTF-8"?>
<!-- Generated by org.testng.reporters.JUnitReportReporter -->
<testsuite skipped="0" hostname="LAPTOP-3LM0TE9V" name="com.qa.restassure.post.CustomerAPIPost" tests="1" failures="0" timestamp="27 Jul 2019 08:28:58 GMT" time="2.015" errors="0">
  <testcase name="RegisterCustomer" time="2.015" classname="com.qa.restassure.post.CustomerAPIPost"/>
</testsuite> <!-- com.qa.restassure.post.CustomerAPIPost -->
