<?xml version="1.0" encoding="UTF-8"?>
<!-- Generated by org.testng.reporters.JUnitReportReporter -->
<testsuite skipped="0" hostname="LAPTOP-3LM0TE9V" name="com.qa.restassure.get.WeatherJsonValidatingAPIGet" tests="1" failures="0" timestamp="27 Jul 2019 12:21:21 GMT" time="1.695" errors="0">
  <testcase name="getWeatherDetails" time="1.695" classname="com.qa.restassure.get.WeatherJsonValidatingAPIGet"/>
</testsuite> <!-- com.qa.restassure.get.WeatherJsonValidatingAPIGet -->
