<?xml version="1.0" encoding="UTF-8"?>
<!-- Generated by org.testng.reporters.JUnitReportReporter -->
<testsuite skipped="0" hostname="LAPTOP-3LM0TE9V" name="com.qa.restassure.get.WeatherJsonComplValidGet" tests="1" failures="0" timestamp="27 Jul 2019 12:36:07 GMT" time="2.133" errors="0">
  <testcase name="getWeatherDetails" time="2.133" classname="com.qa.restassure.get.WeatherJsonComplValidGet"/>
</testsuite> <!-- com.qa.restassure.get.WeatherJsonComplValidGet -->
