<?xml version="1.0" encoding="UTF-8"?>
<!-- Generated by org.testng.reporters.JUnitReportReporter -->
<testsuite skipped="0" hostname="LAPTOP-3LM0TE9V" name="com.qa.restassure.get.AuthorisationGet" tests="1" failures="0" timestamp="27 Jul 2019 12:56:43 GMT" time="1.655" errors="0">
  <testcase name="authorization" time="1.655" classname="com.qa.restassure.get.AuthorisationGet"/>
</testsuite> <!-- com.qa.restassure.get.AuthorisationGet -->
